<?xml version="1.0" encoding="UTF-8"?>
<!-- Generated by org.testng.reporters.JUnitReportReporter -->
<testsuite skipped="0" hostname="DESKTOP-19NAQAT" name="mobiletesting.demoapp" tests="1" failures="0" timestamp="15 Nov 2018 08:28:36 GMT" time="169.102" errors="0">
  <testcase name="setup" time="169.102" classname="mobiletesting.demoapp"/>
</testsuite> <!-- mobiletesting.demoapp -->
